<?xml version="1.0" encoding="UTF-8"?>
<!-- Generated by org.testng.reporters.JUnitReportReporter -->
<testsuite skipped="0" hostname="Murats-MacBook-Pro.local" name="Sel_DersNotes.Sel_testNG" tests="1" failures="0" timestamp="2020-09-16T21:32:12 EDT" time="8.314" errors="0">
  <testcase name="getTitle" time="8.314" classname="Sel_DersNotes.Sel_testNG"/>
  <system-out/>
</testsuite> <!-- Sel_DersNotes.Sel_testNG -->
